2020-12-10 22:38:59.555 12476:00000001 (BlueStacksUninstaller) INFO: Copying C:\Program Files\BlueStacks\Assets to C:\Users\paulo\AppData\Local\Temp\Assets
2020-12-10 22:38:59.890 12476:00000001 (BlueStacksUninstaller) INFO: Copying files from C:\Program Files\BlueStacks\Assets to C:\Users\paulo\AppData\Local\Temp\Assets
2020-12-10 22:38:59.899 12476:00000001 (BlueStacksUninstaller) INFO: Copying files from C:\Program Files\BlueStacks\ to C:\Users\paulo\AppData\Local\Temp\
2020-12-10 22:38:59.930 12476:00000001 (BlueStacksUninstaller) INFO: Copying oem.cfg
2020-12-10 22:38:59.975 12476:00000001 (BlueStacksUninstaller) INFO: Copying theme file
2020-12-10 22:39:00.028 12476:00000001 (BlueStacksUninstaller) INFO: All files copied, starting File exectuion from temp path
2020-12-10 22:39:00.197 12476:00000001 (BlueStacksUninstaller) INFO: Main unistall process started, exiting current application.
2020-12-10 22:39:00.546 12044:00000001 (BlueStacksUninstaller) INFO: Attempting to load Oem.cfg from path: C:\Users\paulo\AppData\Local\Temp\Oem.cfg
2020-12-10 22:39:00.851 12044:00000001 (BlueStacksUninstaller) INFO: Successfully populated en-US strings
2020-12-10 22:39:00.908 12044:00000001 (BlueStacksUninstaller) INFO: Successfully populated pt-BR strings
2020-12-10 22:39:00.998 12044:00000001 (BlueStacksUninstaller) INFO: Feature Manager Init - isAync:True downloadBstConfig:True
2020-12-10 22:39:01.032 12044:00000001 (BlueStacksUninstaller) INFO: Feature Manager Init - UpdateBstConfig:False - bst_config Path:C:\ProgramData\BlueStacks\Client\bst_config DoesExist: False
2020-12-10 22:39:01.033 12044:00000001 (BlueStacksUninstaller) INFO: Loading bst_config Settings from C:\ProgramData\BlueStacks\Client\bst_config
2020-12-10 22:39:30.525 12044:00000001 (BlueStacksUninstaller) WARNING: Returning a null image for unchecked_gray_click
2020-12-10 22:39:33.877 12044:00000001 (BlueStacksUninstaller) WARNING: Returning a null image for checked_gray_click
2020-12-10 22:39:39.990 12044:00000008 (BlueStacksUninstaller) INFO: Killing all BlueStacks processes
2020-12-10 22:39:40.031 12044:00000008 (BlueStacksUninstaller) INFO: StopService BlueStacksDrv
2020-12-10 22:39:40.031 12044:00000008 (BlueStacksUninstaller) INFO: OpenSCManager
2020-12-10 22:39:40.033 12044:00000008 (BlueStacksUninstaller) INFO: StopService 472972400
2020-12-10 22:39:40.062 12044:00000008 (BlueStacksUninstaller) INFO: RunCmd: starting cmd: schtasks.exe
2020-12-10 22:39:40.062 12044:00000008 (BlueStacksUninstaller) INFO:   args: /Delete /TN BlueStacksHelper /F
2020-12-10 22:39:40.283 12044:00000007 (BlueStacksUninstaller) INFO: 13280 OUT: ÒXITO: a tarefa agendada "BlueStacksHelper" foi exclu¡da corretamente.
2020-12-10 22:39:40.283 12044:00000009 (BlueStacksUninstaller) INFO: 13280 ERR: 
2020-12-10 22:39:40.284 12044:00000008 (BlueStacksUninstaller) INFO: RunCmd for proc.ID = 13280 exited with exitCode: 0
2020-12-10 22:39:40.285 12044:00000008 (BlueStacksUninstaller) INFO: RunCmd: starting cmd: schtasks.exe
2020-12-10 22:39:40.285 12044:00000008 (BlueStacksUninstaller) INFO:   args: /Delete /TN BlueStacksHelperTask /F
2020-12-10 22:39:40.330 12044:00000009 (BlueStacksUninstaller) INFO: 9584 ERR: ERRO: O sistema nÆo pode encontrar o arquivo especificado.
2020-12-10 22:39:40.330 12044:00000009 (BlueStacksUninstaller) INFO: 9584 ERR: 
2020-12-10 22:39:40.331 12044:00000009 (BlueStacksUninstaller) INFO: 9584 ERR: 
2020-12-10 22:39:40.333 12044:00000008 (BlueStacksUninstaller) INFO: RunCmd for proc.ID = 9584 exited with exitCode: 1
2020-12-10 22:39:40.333 12044:00000008 (BlueStacksUninstaller) ERROR: An error occured while deleting the task, exit code: 1
2020-12-10 22:39:40.335 12044:00000008 (BlueStacksUninstaller) INFO: Deleting directory : C:\Program Files\BlueStacks\
2020-12-10 22:39:40.463 12044:00000008 (BlueStacksUninstaller) INFO: Deleting directory : C:\ProgramData\BlueStacks
2020-12-10 22:39:45.664 12044:00000008 (BlueStacksUninstaller) INFO: Deleting directory : C:\Users\paulo\AppData\Local\BlueStacksSetup
2020-12-10 22:39:45.667 12044:00000008 (BlueStacksUninstaller) WARNING: Could not delete C:\Users\paulo\AppData\Local\BlueStacksSetup as it does not exist
2020-12-10 22:39:45.849 12044:00000008 (BlueStacksUninstaller) INFO: Deleting: C:\Users\Public\Desktop\BlueStacks.lnk
2020-12-10 22:39:45.850 12044:00000008 (BlueStacksUninstaller) INFO: Deleting: C:\ProgramData\Microsoft\Windows\Start Menu\Programs\BlueStacks.lnk
2020-12-10 22:39:45.850 12044:00000008 (BlueStacksUninstaller) INFO: Deleting: C:\Users\Public\Desktop\BlueStacks Multi-Instance Manager.lnk
2020-12-10 22:39:45.851 12044:00000008 (BlueStacksUninstaller) INFO: Deleting: C:\ProgramData\Microsoft\Windows\Start Menu\Programs\BlueStacks Multi-Instance Manager.lnk
2020-12-10 22:39:45.962 12044:00000008 (BlueStacksUninstaller) INFO: UninstallService BlueStacksDrv
2020-12-10 22:39:45.962 12044:00000008 (BlueStacksUninstaller) INFO: OpenSCManager
2020-12-10 22:39:45.962 12044:00000008 (BlueStacksUninstaller) INFO: StopService 472994912
2020-12-10 22:39:45.989 12044:00000008 (BlueStacksUninstaller) INFO: DeleteInstallApkScheme start
2020-12-10 22:39:45.992 12044:00000008 (BlueStacksUninstaller) ERROR: Failed to delete apk handler registry. Ex : System.NullReferenceException: Referência de objeto não definida para uma instância de um objeto.
   em BlueStacks.Common.CommonInstallUtils.DeleteInstallApkScheme(String installDir, String baseKeyName)
2020-12-10 22:39:45.992 12044:00000008 (BlueStacksUninstaller) INFO: DeleteInstallApkScheme end
2020-12-10 22:39:45.992 12044:00000008 (BlueStacksUninstaller) INFO: DeleteInstallApkScheme start
2020-12-10 22:39:45.992 12044:00000008 (BlueStacksUninstaller) ERROR: Failed to delete apk handler registry. Ex : System.NullReferenceException: Referência de objeto não definida para uma instância de um objeto.
   em BlueStacks.Common.CommonInstallUtils.DeleteInstallApkScheme(String installDir, String baseKeyName)
2020-12-10 22:39:45.992 12044:00000008 (BlueStacksUninstaller) INFO: DeleteInstallApkScheme end
2020-12-10 22:39:47.378 12044:00000001 (BlueStacksUninstaller) INFO: uninstallation clean value : 0
